<?xml version="1.0" encoding="UTF-8"?>
<testng-results ignored="0" total="1" passed="1" failed="0" skipped="0">
  <reporter-output>
  </reporter-output>
  <suite started-at="2025-07-13T23:42:32 GMT+03:00" name="LoginSuite" finished-at="2025-07-13T23:42:36 GMT+03:00" duration-ms="4494">
    <groups>
    </groups>
    <test started-at="2025-07-13T23:42:32 GMT+03:00" name="LoginTests" finished-at="2025-07-13T23:42:36 GMT+03:00" duration-ms="4494">
      <class name="tests.LoginTest">
        <test-method is-config="true" signature="setUp()[pri:0, instance:tests.LoginTest@3835c46]" started-at="2025-07-13T23:42:32 GMT+03:00" name="setUp" finished-at="2025-07-13T23:42:35 GMT+03:00" duration-ms="3041" status="PASS">
          <reporter-output>
          </reporter-output>
        </test-method> <!-- setUp -->
        <test-method signature="testValidLogin()[pri:0, instance:tests.LoginTest@3835c46]" started-at="2025-07-13T23:42:35 GMT+03:00" name="testValidLogin" finished-at="2025-07-13T23:42:36 GMT+03:00" duration-ms="1404" status="PASS">
          <reporter-output>
          </reporter-output>
        </test-method> <!-- testValidLogin -->
        <test-method is-config="true" signature="tearDown()[pri:0, instance:tests.LoginTest@3835c46]" started-at="2025-07-13T23:42:36 GMT+03:00" name="tearDown" finished-at="2025-07-13T23:42:36 GMT+03:00" duration-ms="1" status="PASS">
          <reporter-output>
          </reporter-output>
        </test-method> <!-- tearDown -->
      </class> <!-- tests.LoginTest -->
    </test> <!-- LoginTests -->
  </suite> <!-- LoginSuite -->
</testng-results>
